[0m07:20:56.210531 [debug] [MainThread]: Sending event: {'category': 'dbt', 'action': 'invocation', 'label': 'start', 'context': [<snowplow_tracker.self_describing_json.SelfDescribingJson object at 0x000001BF7C60D700>, <snowplow_tracker.self_describing_json.SelfDescribingJson object at 0x000001BF7F1983B0>, <snowplow_tracker.self_describing_json.SelfDescribingJson object at 0x000001BF7F5D5D90>]}


============================== 07:20:56.308344 | d327ff72-fd1d-4533-a864-5a9ef5b2636d ==============================
[0m07:20:56.308344 [info ] [MainThread]: Running with dbt=1.11.11
[0m07:20:56.310378 [debug] [MainThread]: running dbt with arguments {'static_parser': 'True', 'no_print': 'None', 'version_check': 'True', 'target_path': 'None', 'warn_error_options': 'WarnErrorOptionsV2(error=[], warn=[], silence=[])', 'printer_width': '80', 'write_json': 'True', 'empty': 'None', 'log_cache_events': 'False', 'introspect': 'True', 'cache_selected_only': 'False', 'fail_fast': 'False', 'debug': 'False', 'log_format': 'default', 'profiles_dir': 'C:\\Users\\Nima\\.dbt', 'send_anonymous_usage_stats': 'True', 'quiet': 'False', 'warn_error': 'None', 'partial_parse': 'True', 'indirect_selection': 'eager', 'use_colors': 'True', 'invocation_command': 'dbt init olist_dbt', 'use_experimental_parser': 'False', 'log_path': 'logs'}
[0m07:20:58.211292 [debug] [MainThread]: Starter project path: C:\Users\Nima\AppData\Local\Programs\Python\Python312\Lib\site-packages\dbt\include\starter_project
[0m07:20:58.564060 [info ] [MainThread]: 
Your new dbt project "olist_dbt" was created!

For more information on how to configure the profiles.yml file,
please consult the dbt documentation here:

  https://docs.getdbt.com/docs/configure-your-profile

One more thing:

Need help? Don't hesitate to reach out to us via GitHub issues or on Slack:

  https://community.getdbt.com/

Happy modeling!

[0m07:20:58.565068 [info ] [MainThread]: Setting up your profile.
[0m07:24:48.532776 [info ] [MainThread]: Profile olist_dbt written to C:\Users\Nima\.dbt\profiles.yml using target's profile_template.yml and your supplied values. Run 'dbt debug' to validate the connection.
[0m07:24:48.537389 [debug] [MainThread]: Command `dbt init` succeeded at 07:24:48.536385 after 233.14 seconds
[0m07:24:48.538387 [debug] [MainThread]: Sending event: {'category': 'dbt', 'action': 'invocation', 'label': 'end', 'context': [<snowplow_tracker.self_describing_json.SelfDescribingJson object at 0x000001BF7FAF99D0>, <snowplow_tracker.self_describing_json.SelfDescribingJson object at 0x000001BF7F073B30>, <snowplow_tracker.self_describing_json.SelfDescribingJson object at 0x000001BF7F497500>]}
[0m07:24:48.539385 [debug] [MainThread]: Flushing usage events
[0m07:24:52.024260 [debug] [MainThread]: An error was encountered while trying to flush usage events
