[0m20:08:19.131797 [debug] [MainThread]: Sending event: {'category': 'dbt', 'action': 'invocation', 'label': 'start', 'context': [<snowplow_tracker.self_describing_json.SelfDescribingJson object at 0x00000169CF87C380>, <snowplow_tracker.self_describing_json.SelfDescribingJson object at 0x00000169CD0FDC10>, <snowplow_tracker.self_describing_json.SelfDescribingJson object at 0x00000169CFDBC140>]}


============================== 20:08:19.146047 | 2d4fa801-a70d-449f-8cc3-d20e66886e5d ==============================
[0m20:08:19.146047 [info ] [MainThread]: Running with dbt=1.11.11
[0m20:08:19.149711 [debug] [MainThread]: running dbt with arguments {'version_check': 'True', 'no_print': 'None', 'static_parser': 'True', 'target_path': 'None', 'warn_error_options': 'WarnErrorOptionsV2(error=[], warn=[], silence=[])', 'printer_width': '80', 'write_json': 'True', 'introspect': 'True', 'log_cache_events': 'False', 'empty': 'None', 'cache_selected_only': 'False', 'log_format': 'default', 'debug': 'False', 'fail_fast': 'False', 'profiles_dir': 'C:\\Users\\Nima\\.dbt', 'send_anonymous_usage_stats': 'True', 'quiet': 'False', 'warn_error': 'None', 'partial_parse': 'True', 'use_colors': 'True', 'invocation_command': 'dbt debug', 'indirect_selection': 'eager', 'use_experimental_parser': 'False', 'log_path': 'E:\\NTI\\technical\\Data Engineering\\Graduation project\\GP_Cloud\\dbt_olist\\olist_dbt\\logs'}
[0m20:08:19.203588 [info ] [MainThread]: dbt version: 1.11.11
[0m20:08:19.218608 [info ] [MainThread]: python version: 3.12.1
[0m20:08:19.218608 [info ] [MainThread]: python path: C:\Users\Nima\AppData\Local\Programs\Python\Python312\python.exe
[0m20:08:19.218608 [info ] [MainThread]: os info: Windows-10-10.0.19045-SP0
[0m20:08:20.800777 [info ] [MainThread]: Using profiles dir at C:\Users\Nima\.dbt
[0m20:08:20.801779 [info ] [MainThread]: Using profiles.yml file at C:\Users\Nima\.dbt\profiles.yml
[0m20:08:20.803782 [info ] [MainThread]: Using dbt_project.yml file at E:\NTI\technical\Data Engineering\Graduation project\GP_Cloud\dbt_olist\olist_dbt\dbt_project.yml
[0m20:08:20.808580 [info ] [MainThread]: adapter type: postgres
[0m20:08:20.809583 [info ] [MainThread]: adapter version: 1.10.1
[0m20:08:21.074222 [info ] [MainThread]: Configuration:
[0m20:08:21.075222 [info ] [MainThread]:   profiles.yml file [[32mOK found and valid[0m]
[0m20:08:21.076223 [info ] [MainThread]:   dbt_project.yml file [[32mOK found and valid[0m]
[0m20:08:21.077226 [info ] [MainThread]: Required dependencies:
[0m20:08:21.078223 [debug] [MainThread]: Executing "git --help"
[0m20:08:21.529928 [debug] [MainThread]: STDOUT: "b"usage: git [-v | --version] [-h | --help] [-C <path>] [-c <name>=<value>]\n           [--exec-path[=<path>]] [--html-path] [--man-path] [--info-path]\n           [-p | --paginate | -P | --no-pager] [--no-replace-objects] [--bare]\n           [--git-dir=<path>] [--work-tree=<path>] [--namespace=<name>]\n           [--config-env=<name>=<envvar>] <command> [<args>]\n\nThese are common Git commands used in various situations:\n\nstart a working area (see also: git help tutorial)\n   clone     Clone a repository into a new directory\n   init      Create an empty Git repository or reinitialize an existing one\n\nwork on the current change (see also: git help everyday)\n   add       Add file contents to the index\n   mv        Move or rename a file, a directory, or a symlink\n   restore   Restore working tree files\n   rm        Remove files from the working tree and from the index\n\nexamine the history and state (see also: git help revisions)\n   bisect    Use binary search to find the commit that introduced a bug\n   diff      Show changes between commits, commit and working tree, etc\n   grep      Print lines matching a pattern\n   log       Show commit logs\n   show      Show various types of objects\n   status    Show the working tree status\n\ngrow, mark and tweak your common history\n   branch    List, create, or delete branches\n   commit    Record changes to the repository\n   merge     Join two or more development histories together\n   rebase    Reapply commits on top of another base tip\n   reset     Reset current HEAD to the specified state\n   switch    Switch branches\n   tag       Create, list, delete or verify a tag object signed with GPG\n\ncollaborate (see also: git help workflows)\n   fetch     Download objects and refs from another repository\n   pull      Fetch from and integrate with another repository or a local branch\n   push      Update remote refs along with associated objects\n\n'git help -a' and 'git help -g' list available subcommands and some\nconcept guides. See 'git help <command>' or 'git help <concept>'\nto read about a specific subcommand or concept.\nSee 'git help git' for an overview of the system.\n""
[0m20:08:21.529928 [debug] [MainThread]: STDERR: "b''"
[0m20:08:21.529928 [info ] [MainThread]:  - git [[32mOK found[0m]

[0m20:08:21.529928 [info ] [MainThread]: Connection:
[0m20:08:21.529928 [info ] [MainThread]:   host: localhost
[0m20:08:21.534866 [info ] [MainThread]:   port: 5432
[0m20:08:21.536830 [info ] [MainThread]:   user: postgres
[0m20:08:21.538889 [info ] [MainThread]:   database: olist_db
[0m20:08:21.540864 [info ] [MainThread]:   schema: stg
[0m20:08:21.541860 [info ] [MainThread]:   connect_timeout: 10
[0m20:08:21.542862 [info ] [MainThread]:   role: None
[0m20:08:21.543859 [info ] [MainThread]:   search_path: None
[0m20:08:21.544858 [info ] [MainThread]:   keepalives_idle: 0
[0m20:08:21.544858 [info ] [MainThread]:   sslmode: None
[0m20:08:21.546046 [info ] [MainThread]:   sslcert: None
[0m20:08:21.547450 [info ] [MainThread]:   sslkey: None
[0m20:08:21.548499 [info ] [MainThread]:   sslrootcert: None
[0m20:08:21.549622 [info ] [MainThread]:   application_name: dbt
[0m20:08:21.550656 [info ] [MainThread]:   retries: 1
[0m20:08:21.552659 [info ] [MainThread]: Registered adapter: postgres=1.10.1
[0m20:08:22.560367 [debug] [MainThread]: Acquiring new postgres connection 'debug'
[0m20:08:24.118914 [debug] [MainThread]: Using postgres connection "debug"
[0m20:08:24.118914 [debug] [MainThread]: On debug: select 1 as id
[0m20:08:24.118914 [debug] [MainThread]: Opening a new connection, currently in state init
[0m20:08:24.449396 [debug] [MainThread]: SQL status: SELECT 1 in 0.332 seconds
[0m20:08:24.449396 [debug] [MainThread]: On debug: Close
[0m20:08:24.465052 [info ] [MainThread]:   Connection test: [[32mOK connection ok[0m]

[0m20:08:24.465052 [info ] [MainThread]: [32mAll checks passed![0m
[0m20:08:24.465052 [debug] [MainThread]: Command `dbt debug` succeeded at 20:08:24.465052 after 5.71 seconds
[0m20:08:24.465052 [debug] [MainThread]: Connection 'debug' was properly closed.
[0m20:08:24.465052 [debug] [MainThread]: Sending event: {'category': 'dbt', 'action': 'invocation', 'label': 'end', 'context': [<snowplow_tracker.self_describing_json.SelfDescribingJson object at 0x00000169CFB37EC0>, <snowplow_tracker.self_describing_json.SelfDescribingJson object at 0x00000169D17A4EF0>, <snowplow_tracker.self_describing_json.SelfDescribingJson object at 0x00000169CFDBC140>]}
[0m20:08:24.465052 [debug] [MainThread]: Flushing usage events
[0m20:08:26.101428 [debug] [MainThread]: An error was encountered while trying to flush usage events
